<?xml version="1.0" encoding="UTF-8"?>
<!-- Generated by org.testng.reporters.JUnitXMLReporter -->
<testsuite ignored="2" hostname="LAPTOP-4S7TU50V" failures="1" tests="4" name="OrangeHRM Tests 1" time="20.762" errors="0" timestamp="2023-03-17T17:52:27 EDT">
  <testcase classname="oranghrm_tests.LoginTest" name="testLoginWithInvalidCredentials" time="1.345"/>
  <testcase classname="oranghrm_tests.LoginTest" name="testLoginWithValidCredentials" time="1.394"/>
  <testcase classname="oranghrm_tests.DashboardTest" name="testLeaveRequestsToApprove" time="3.271"/>
  <testcase classname="oranghrm_tests.DashboardTest" name="testWeAreOnDashboard" time="1.622">
    <failure type="java.lang.AssertionError" message="
Expected: Dashboar
Actual: Dashboard
 expected [Dashboar] but found [Dashboard]">
      <![CDATA[java.lang.AssertionError: 
Expected: Dashboar
Actual: Dashboard
 expected [Dashboar] but found [Dashboard]
at utils.VerificationUtils.verifyEquals(VerificationUtils.java:20)
at oranghrm_tests.DashboardTest.testWeAreOnDashboard(DashboardTest.java:26)
at java.base/java.util.ArrayList.forEach(ArrayList.java:1511)
... Removed 32 stack frames]]>
    </failure>
  </testcase> <!-- testWeAreOnDashboard -->
  <testcase classname="oranghrm_tests.TestBase" name="@AfterSuite tearDownSuite" time="0.0">
    <ignored/>
  </testcase> <!-- @AfterSuite tearDownSuite -->
  <testcase classname="oranghrm_tests.TestBase" name="@BeforeSuite setUpSuite" time="0.0">
    <ignored/>
  </testcase> <!-- @BeforeSuite setUpSuite -->
</testsuite> <!-- OrangeHRM Tests 1 -->
